C:\Users\relut\Desktop\ASP NET CORE WEB API\AngularCLI-ASPNET-Core-CustomersService-master\Client\dist\out-tsc\src\app\app.component.js
C:\Users\relut\Desktop\ASP NET CORE WEB API\AngularCLI-ASPNET-Core-CustomersService-master\Client\dist\out-tsc\src\app\app.component.js.map
C:\Users\relut\Desktop\ASP NET CORE WEB API\AngularCLI-ASPNET-Core-CustomersService-master\Client\dist\out-tsc\src\app\shared\property-resolver.js
C:\Users\relut\Desktop\ASP NET CORE WEB API\AngularCLI-ASPNET-Core-CustomersService-master\Client\dist\out-tsc\src\app\shared\property-resolver.js.map
C:\Users\relut\Desktop\ASP NET CORE WEB API\AngularCLI-ASPNET-Core-CustomersService-master\Client\dist\out-tsc\src\app\core\data-filter.service.js
C:\Users\relut\Desktop\ASP NET CORE WEB API\AngularCLI-ASPNET-Core-CustomersService-master\Client\dist\out-tsc\src\app\core\data-filter.service.js.map
C:\Users\relut\Desktop\ASP NET CORE WEB API\AngularCLI-ASPNET-Core-CustomersService-master\Client\dist\out-tsc\src\app\shared\interfaces.js
C:\Users\relut\Desktop\ASP NET CORE WEB API\AngularCLI-ASPNET-Core-CustomersService-master\Client\dist\out-tsc\src\app\shared\interfaces.js.map
C:\Users\relut\Desktop\ASP NET CORE WEB API\AngularCLI-ASPNET-Core-CustomersService-master\Client\dist\out-tsc\src\environments\environment.prod.js
C:\Users\relut\Desktop\ASP NET CORE WEB API\AngularCLI-ASPNET-Core-CustomersService-master\Client\dist\out-tsc\src\environments\environment.prod.js.map
C:\Users\relut\Desktop\ASP NET CORE WEB API\AngularCLI-ASPNET-Core-CustomersService-master\Client\dist\out-tsc\src\app\core\data.service.js
C:\Users\relut\Desktop\ASP NET CORE WEB API\AngularCLI-ASPNET-Core-CustomersService-master\Client\dist\out-tsc\src\app\core\data.service.js.map
C:\Users\relut\Desktop\ASP NET CORE WEB API\AngularCLI-ASPNET-Core-CustomersService-master\Client\dist\out-tsc\src\app\robots\robots.component.js
C:\Users\relut\Desktop\ASP NET CORE WEB API\AngularCLI-ASPNET-Core-CustomersService-master\Client\dist\out-tsc\src\app\robots\robots.component.js.map
C:\Users\relut\Desktop\ASP NET CORE WEB API\AngularCLI-ASPNET-Core-CustomersService-master\Client\dist\out-tsc\src\app\core\sorter.js
C:\Users\relut\Desktop\ASP NET CORE WEB API\AngularCLI-ASPNET-Core-CustomersService-master\Client\dist\out-tsc\src\app\core\sorter.js.map
C:\Users\relut\Desktop\ASP NET CORE WEB API\AngularCLI-ASPNET-Core-CustomersService-master\Client\dist\out-tsc\src\app\core\trackby.service.js
C:\Users\relut\Desktop\ASP NET CORE WEB API\AngularCLI-ASPNET-Core-CustomersService-master\Client\dist\out-tsc\src\app\core\trackby.service.js.map
C:\Users\relut\Desktop\ASP NET CORE WEB API\AngularCLI-ASPNET-Core-CustomersService-master\Client\dist\out-tsc\src\app\robots\robots-grid.component.js
C:\Users\relut\Desktop\ASP NET CORE WEB API\AngularCLI-ASPNET-Core-CustomersService-master\Client\dist\out-tsc\src\app\robots\robots-grid.component.js.map
C:\Users\relut\Desktop\ASP NET CORE WEB API\AngularCLI-ASPNET-Core-CustomersService-master\Client\dist\out-tsc\src\app\robots\robot-edit.component.js
C:\Users\relut\Desktop\ASP NET CORE WEB API\AngularCLI-ASPNET-Core-CustomersService-master\Client\dist\out-tsc\src\app\robots\robot-edit.component.js.map
C:\Users\relut\Desktop\ASP NET CORE WEB API\AngularCLI-ASPNET-Core-CustomersService-master\Client\dist\out-tsc\src\app\shared\validation.service.js
C:\Users\relut\Desktop\ASP NET CORE WEB API\AngularCLI-ASPNET-Core-CustomersService-master\Client\dist\out-tsc\src\app\shared\validation.service.js.map
C:\Users\relut\Desktop\ASP NET CORE WEB API\AngularCLI-ASPNET-Core-CustomersService-master\Client\dist\out-tsc\src\app\robots\robot-edit-reactive.component.js
C:\Users\relut\Desktop\ASP NET CORE WEB API\AngularCLI-ASPNET-Core-CustomersService-master\Client\dist\out-tsc\src\app\robots\robot-edit-reactive.component.js.map
C:\Users\relut\Desktop\ASP NET CORE WEB API\AngularCLI-ASPNET-Core-CustomersService-master\Client\dist\out-tsc\src\app\app-routing.module.js
C:\Users\relut\Desktop\ASP NET CORE WEB API\AngularCLI-ASPNET-Core-CustomersService-master\Client\dist\out-tsc\src\app\app-routing.module.js.map
C:\Users\relut\Desktop\ASP NET CORE WEB API\AngularCLI-ASPNET-Core-CustomersService-master\Client\dist\out-tsc\src\app\shared\ensureModuleLoadedOnceGuard.js
C:\Users\relut\Desktop\ASP NET CORE WEB API\AngularCLI-ASPNET-Core-CustomersService-master\Client\dist\out-tsc\src\app\shared\ensureModuleLoadedOnceGuard.js.map
C:\Users\relut\Desktop\ASP NET CORE WEB API\AngularCLI-ASPNET-Core-CustomersService-master\Client\dist\out-tsc\src\app\core\core.module.js
C:\Users\relut\Desktop\ASP NET CORE WEB API\AngularCLI-ASPNET-Core-CustomersService-master\Client\dist\out-tsc\src\app\core\core.module.js.map
C:\Users\relut\Desktop\ASP NET CORE WEB API\AngularCLI-ASPNET-Core-CustomersService-master\Client\dist\out-tsc\src\app\shared\pagination\pagination.component.js
C:\Users\relut\Desktop\ASP NET CORE WEB API\AngularCLI-ASPNET-Core-CustomersService-master\Client\dist\out-tsc\src\app\shared\pagination\pagination.component.js.map
C:\Users\relut\Desktop\ASP NET CORE WEB API\AngularCLI-ASPNET-Core-CustomersService-master\Client\dist\out-tsc\src\app\shared\pipes\capitalize.pipe.js
C:\Users\relut\Desktop\ASP NET CORE WEB API\AngularCLI-ASPNET-Core-CustomersService-master\Client\dist\out-tsc\src\app\shared\pipes\capitalize.pipe.js.map
C:\Users\relut\Desktop\ASP NET CORE WEB API\AngularCLI-ASPNET-Core-CustomersService-master\Client\dist\out-tsc\src\app\shared\pipes\trim.pipe.js
C:\Users\relut\Desktop\ASP NET CORE WEB API\AngularCLI-ASPNET-Core-CustomersService-master\Client\dist\out-tsc\src\app\shared\pipes\trim.pipe.js.map
C:\Users\relut\Desktop\ASP NET CORE WEB API\AngularCLI-ASPNET-Core-CustomersService-master\Client\dist\out-tsc\src\app\shared\filter-textbox\filter-textbox.component.js
C:\Users\relut\Desktop\ASP NET CORE WEB API\AngularCLI-ASPNET-Core-CustomersService-master\Client\dist\out-tsc\src\app\shared\filter-textbox\filter-textbox.component.js.map
C:\Users\relut\Desktop\ASP NET CORE WEB API\AngularCLI-ASPNET-Core-CustomersService-master\Client\dist\out-tsc\src\app\shared\shared.module.js
C:\Users\relut\Desktop\ASP NET CORE WEB API\AngularCLI-ASPNET-Core-CustomersService-master\Client\dist\out-tsc\src\app\shared\shared.module.js.map
C:\Users\relut\Desktop\ASP NET CORE WEB API\AngularCLI-ASPNET-Core-CustomersService-master\Client\dist\out-tsc\src\app\app.module.js
C:\Users\relut\Desktop\ASP NET CORE WEB API\AngularCLI-ASPNET-Core-CustomersService-master\Client\dist\out-tsc\src\app\app.module.js.map
C:\Users\relut\Desktop\ASP NET CORE WEB API\AngularCLI-ASPNET-Core-CustomersService-master\Client\dist\out-tsc\src\environments\environment.js
C:\Users\relut\Desktop\ASP NET CORE WEB API\AngularCLI-ASPNET-Core-CustomersService-master\Client\dist\out-tsc\src\environments\environment.js.map
C:\Users\relut\Desktop\ASP NET CORE WEB API\AngularCLI-ASPNET-Core-CustomersService-master\Client\dist\out-tsc\src\main.js
C:\Users\relut\Desktop\ASP NET CORE WEB API\AngularCLI-ASPNET-Core-CustomersService-master\Client\dist\out-tsc\src\main.js.map
C:\Users\relut\Desktop\ASP NET CORE WEB API\AngularCLI-ASPNET-Core-CustomersService-master\Client\dist\out-tsc\src\polyfills.js
C:\Users\relut\Desktop\ASP NET CORE WEB API\AngularCLI-ASPNET-Core-CustomersService-master\Client\dist\out-tsc\src\polyfills.js.map
C:\Users\relut\Desktop\ASP NET CORE WEB API\AngularCLI-ASPNET-Core-CustomersService-master\Client\dist\out-tsc\src\test.js
C:\Users\relut\Desktop\ASP NET CORE WEB API\AngularCLI-ASPNET-Core-CustomersService-master\Client\dist\out-tsc\src\test.js.map
C:\Users\relut\Desktop\ASP NET CORE WEB API\AngularCLI-ASPNET-Core-CustomersService-master\Client\dist\out-tsc\e2e\src\app.po.js
C:\Users\relut\Desktop\ASP NET CORE WEB API\AngularCLI-ASPNET-Core-CustomersService-master\Client\dist\out-tsc\e2e\src\app.po.js.map
C:\Users\relut\Desktop\ASP NET CORE WEB API\AngularCLI-ASPNET-Core-CustomersService-master\Client\dist\out-tsc\e2e\src\app.e2e-spec.js
C:\Users\relut\Desktop\ASP NET CORE WEB API\AngularCLI-ASPNET-Core-CustomersService-master\Client\dist\out-tsc\e2e\src\app.e2e-spec.js.map
C:\Users\relut\Desktop\ASP NET CORE WEB API\AngularCLI-ASPNET-Core-CustomersService-master\Client\dist\out-tsc\src\app\account\registration-form\registration-form.component.js
C:\Users\relut\Desktop\ASP NET CORE WEB API\AngularCLI-ASPNET-Core-CustomersService-master\Client\dist\out-tsc\src\app\account\registration-form\registration-form.component.js.map
C:\Users\relut\Desktop\ASP NET CORE WEB API\AngularCLI-ASPNET-Core-CustomersService-master\Client\dist\out-tsc\src\app\account\account.module.js
C:\Users\relut\Desktop\ASP NET CORE WEB API\AngularCLI-ASPNET-Core-CustomersService-master\Client\dist\out-tsc\src\app\account\account.module.js.map
C:\Users\relut\Desktop\ASP NET CORE WEB API\AngularCLI-ASPNET-Core-CustomersService-master\Client\dist\out-tsc\src\app\account\account.module.spec.js
C:\Users\relut\Desktop\ASP NET CORE WEB API\AngularCLI-ASPNET-Core-CustomersService-master\Client\dist\out-tsc\src\app\account\account.module.spec.js.map
C:\Users\relut\Desktop\ASP NET CORE WEB API\AngularCLI-ASPNET-Core-CustomersService-master\Client\dist\out-tsc\src\app\dashboard\dashboard.module.js
C:\Users\relut\Desktop\ASP NET CORE WEB API\AngularCLI-ASPNET-Core-CustomersService-master\Client\dist\out-tsc\src\app\dashboard\dashboard.module.js.map
C:\Users\relut\Desktop\ASP NET CORE WEB API\AngularCLI-ASPNET-Core-CustomersService-master\Client\dist\out-tsc\src\app\dashboard\dashboard.module.spec.js
C:\Users\relut\Desktop\ASP NET CORE WEB API\AngularCLI-ASPNET-Core-CustomersService-master\Client\dist\out-tsc\src\app\dashboard\dashboard.module.spec.js.map
C:\Users\relut\Desktop\ASP NET CORE WEB API\AngularCLI-ASPNET-Core-CustomersService-master\Client\dist\out-tsc\src\app\account\registration-form\registration-form.component.spec.js
C:\Users\relut\Desktop\ASP NET CORE WEB API\AngularCLI-ASPNET-Core-CustomersService-master\Client\dist\out-tsc\src\app\account\registration-form\registration-form.component.spec.js.map
