F:\GIT_SourceControl\RobotStore_Service\Client\dist\out-tsc\src\app\app.component.js
F:\GIT_SourceControl\RobotStore_Service\Client\dist\out-tsc\src\app\app.component.js.map
F:\GIT_SourceControl\RobotStore_Service\Client\dist\out-tsc\src\app\shared\property-resolver.js
F:\GIT_SourceControl\RobotStore_Service\Client\dist\out-tsc\src\app\shared\property-resolver.js.map
F:\GIT_SourceControl\RobotStore_Service\Client\dist\out-tsc\src\app\core\data-filter.service.js
F:\GIT_SourceControl\RobotStore_Service\Client\dist\out-tsc\src\app\core\data-filter.service.js.map
F:\GIT_SourceControl\RobotStore_Service\Client\dist\out-tsc\src\app\shared\interfaces.js
F:\GIT_SourceControl\RobotStore_Service\Client\dist\out-tsc\src\app\shared\interfaces.js.map
F:\GIT_SourceControl\RobotStore_Service\Client\dist\out-tsc\src\environments\environment.prod.js
F:\GIT_SourceControl\RobotStore_Service\Client\dist\out-tsc\src\environments\environment.prod.js.map
F:\GIT_SourceControl\RobotStore_Service\Client\dist\out-tsc\src\app\core\data.service.js
F:\GIT_SourceControl\RobotStore_Service\Client\dist\out-tsc\src\app\core\data.service.js.map
F:\GIT_SourceControl\RobotStore_Service\Client\dist\out-tsc\src\app\robots\robots.component.js
F:\GIT_SourceControl\RobotStore_Service\Client\dist\out-tsc\src\app\robots\robots.component.js.map
F:\GIT_SourceControl\RobotStore_Service\Client\dist\out-tsc\src\app\core\sorter.js
F:\GIT_SourceControl\RobotStore_Service\Client\dist\out-tsc\src\app\core\sorter.js.map
F:\GIT_SourceControl\RobotStore_Service\Client\dist\out-tsc\src\app\core\trackby.service.js
F:\GIT_SourceControl\RobotStore_Service\Client\dist\out-tsc\src\app\core\trackby.service.js.map
F:\GIT_SourceControl\RobotStore_Service\Client\dist\out-tsc\src\app\robots\robots-grid.component.js
F:\GIT_SourceControl\RobotStore_Service\Client\dist\out-tsc\src\app\robots\robots-grid.component.js.map
F:\GIT_SourceControl\RobotStore_Service\Client\dist\out-tsc\src\app\robots\robot-edit.component.js
F:\GIT_SourceControl\RobotStore_Service\Client\dist\out-tsc\src\app\robots\robot-edit.component.js.map
F:\GIT_SourceControl\RobotStore_Service\Client\dist\out-tsc\src\app\shared\validation.service.js
F:\GIT_SourceControl\RobotStore_Service\Client\dist\out-tsc\src\app\shared\validation.service.js.map
F:\GIT_SourceControl\RobotStore_Service\Client\dist\out-tsc\src\app\robots\robot-edit-reactive.component.js
F:\GIT_SourceControl\RobotStore_Service\Client\dist\out-tsc\src\app\robots\robot-edit-reactive.component.js.map
F:\GIT_SourceControl\RobotStore_Service\Client\dist\out-tsc\src\app\app-routing.module.js
F:\GIT_SourceControl\RobotStore_Service\Client\dist\out-tsc\src\app\app-routing.module.js.map
F:\GIT_SourceControl\RobotStore_Service\Client\dist\out-tsc\src\app\shared\ensureModuleLoadedOnceGuard.js
F:\GIT_SourceControl\RobotStore_Service\Client\dist\out-tsc\src\app\shared\ensureModuleLoadedOnceGuard.js.map
F:\GIT_SourceControl\RobotStore_Service\Client\dist\out-tsc\src\app\core\core.module.js
F:\GIT_SourceControl\RobotStore_Service\Client\dist\out-tsc\src\app\core\core.module.js.map
F:\GIT_SourceControl\RobotStore_Service\Client\dist\out-tsc\src\app\shared\pagination\pagination.component.js
F:\GIT_SourceControl\RobotStore_Service\Client\dist\out-tsc\src\app\shared\pagination\pagination.component.js.map
F:\GIT_SourceControl\RobotStore_Service\Client\dist\out-tsc\src\app\shared\pipes\capitalize.pipe.js
F:\GIT_SourceControl\RobotStore_Service\Client\dist\out-tsc\src\app\shared\pipes\capitalize.pipe.js.map
F:\GIT_SourceControl\RobotStore_Service\Client\dist\out-tsc\src\app\shared\pipes\trim.pipe.js
F:\GIT_SourceControl\RobotStore_Service\Client\dist\out-tsc\src\app\shared\pipes\trim.pipe.js.map
F:\GIT_SourceControl\RobotStore_Service\Client\dist\out-tsc\src\app\shared\filter-textbox\filter-textbox.component.js
F:\GIT_SourceControl\RobotStore_Service\Client\dist\out-tsc\src\app\shared\filter-textbox\filter-textbox.component.js.map
F:\GIT_SourceControl\RobotStore_Service\Client\dist\out-tsc\src\app\shared\shared.module.js
F:\GIT_SourceControl\RobotStore_Service\Client\dist\out-tsc\src\app\shared\shared.module.js.map
F:\GIT_SourceControl\RobotStore_Service\Client\dist\out-tsc\src\app\app.module.js
F:\GIT_SourceControl\RobotStore_Service\Client\dist\out-tsc\src\app\app.module.js.map
F:\GIT_SourceControl\RobotStore_Service\Client\dist\out-tsc\src\environments\environment.js
F:\GIT_SourceControl\RobotStore_Service\Client\dist\out-tsc\src\environments\environment.js.map
F:\GIT_SourceControl\RobotStore_Service\Client\dist\out-tsc\src\main.js
F:\GIT_SourceControl\RobotStore_Service\Client\dist\out-tsc\src\main.js.map
F:\GIT_SourceControl\RobotStore_Service\Client\dist\out-tsc\src\polyfills.js
F:\GIT_SourceControl\RobotStore_Service\Client\dist\out-tsc\src\polyfills.js.map
F:\GIT_SourceControl\RobotStore_Service\Client\dist\out-tsc\src\test.js
F:\GIT_SourceControl\RobotStore_Service\Client\dist\out-tsc\src\test.js.map
F:\GIT_SourceControl\RobotStore_Service\Client\dist\out-tsc\e2e\src\app.po.js
F:\GIT_SourceControl\RobotStore_Service\Client\dist\out-tsc\e2e\src\app.po.js.map
F:\GIT_SourceControl\RobotStore_Service\Client\dist\out-tsc\e2e\src\app.e2e-spec.js
F:\GIT_SourceControl\RobotStore_Service\Client\dist\out-tsc\e2e\src\app.e2e-spec.js.map
F:\GIT_SourceControl\RobotStore_Service\Client\dist\out-tsc\src\app\account\registration-form\registration-form.component.js
F:\GIT_SourceControl\RobotStore_Service\Client\dist\out-tsc\src\app\account\registration-form\registration-form.component.js.map
F:\GIT_SourceControl\RobotStore_Service\Client\dist\out-tsc\src\app\account\account.module.js
F:\GIT_SourceControl\RobotStore_Service\Client\dist\out-tsc\src\app\account\account.module.js.map
F:\GIT_SourceControl\RobotStore_Service\Client\dist\out-tsc\src\app\account\account.module.spec.js
F:\GIT_SourceControl\RobotStore_Service\Client\dist\out-tsc\src\app\account\account.module.spec.js.map
F:\GIT_SourceControl\RobotStore_Service\Client\dist\out-tsc\src\app\dashboard\dashboard.module.js
F:\GIT_SourceControl\RobotStore_Service\Client\dist\out-tsc\src\app\dashboard\dashboard.module.js.map
F:\GIT_SourceControl\RobotStore_Service\Client\dist\out-tsc\src\app\dashboard\dashboard.module.spec.js
F:\GIT_SourceControl\RobotStore_Service\Client\dist\out-tsc\src\app\dashboard\dashboard.module.spec.js.map
F:\GIT_SourceControl\RobotStore_Service\Client\dist\out-tsc\src\app\account\registration-form\registration-form.component.spec.js
F:\GIT_SourceControl\RobotStore_Service\Client\dist\out-tsc\src\app\account\registration-form\registration-form.component.spec.js.map
